1634489268.319286
1634489331.070058
1634489586.580133
1634489618.073788
1634489919.110832
1634490404.629095
1634490439.739195
1634490741.834629
1634491027.046151
1634491613.35466
1634491786.709647
1634491851.793224
1634491854.695644
1634492277.436025
1634492630.203343
1634493039.563555
1634493191.689739
1634493225.178345
1634493605.503564
1634494522.008128
1634494632.320954
1634494672.990536
1634494727.524833
1634495256.026577
1634495269.076593
1634495302.90104
1634495693.529694
1634495735.539859
1634496050.024447
1634496295.730014
1634496509.690427
1634496645.921275
1634496670.716381
1634496691.308028
1634497048.317329
1634497224.624128
1634497499.63717
1634497667.133074
1634497701.369285
1634497744.107272
1634498043.443427
1634498500.002224
1634498584.49692
1634498590.131218
1634498646.390491
1634498967.187254
1634499493.991751
1634499515.720855
1634499654.624264
1634499900.389798
1634500635.932623
1634500665.076257
1634500798.388813
1634501347.628553
1634501470.121962
1634501567.013744
1634501961.533831
1634502562.823524
1634502696.790795
1634502715.493855
1634502814.593698
1634502943.33309
1634503106.130863
1634503209.940139
1634503287.998386
1634503330.020901
1634503491.380176
1634503825.170686
1634503970.000923
1634504380.927932
1634504971.744224
1634504972.195394
1634505140.22973
1634505558.026293
1634505636.615568
1634506215.110253
1634506812.479358
1634507439.688748
1634507446.250188
1634507830.102764
1634508057.75833
1634508128.907918
1634508228.38181
1634508963.100339
1634509186.966571
1634509250.147017
1634509475.516352
1634509740.481612
1634509779.980041
1634509790.4139
1634510046.24995
1634510251.847905
1634510625.510713
1634510673.208857
1634510848.863466
1634510872.994272
1634510895.039851
1634511164.990876
1634511179.13639
1634511221.785314
1634511347.366886
1634511514.675148
1634511731.78594
1634511946.84548
1634512315.11104
1634512473.181838
1634512570.593955
1634512681.169506
1634512918.69682
1634513005.36157
1634513216.39351
1634513415.952602
1634513547.146062
1634513995.957023
1634514066.938042
1634514454.794366
1634514536.785931
1634514749.967751
1634514827.844579
1634515233.074155
1634515575.743566
1634515705.093128
1634516355.249616
1634516438.644796
1634516917.31377
1634516932.529239
1634517439.689432
1634517630.744776
1634518376.382178
1634518386.513401
1634518459.606019
1634518881.821918
1634519064.140236
1634519135.014366
1634519178.961792
1634519599.343788
1634520182.329334
1634520422.718238
1634520564.386408
1634521237.037812
1634521289.304662
1634521696.815614
1634521912.053073
1634522172.798705
1634522229.05934
1634522285.374995
1634522299.926987
1634522406.375328
1634522576.020497
1634523470.076156
1634523865.069988
1634523883.9354
1634524039.815992
1634524086.546661
1634524329.27583
1634524398.201409
1634524557.088919
1634524590.983805
1634524937.773735
1634525252.449987
1634525407.306545
1634525428.880712
1634525860.854318
1634526007.955101
1634526160.987726
1634526308.619414
1634526362.16257
1634526672.271825
1634526777.486574
1634526874.682257
1634527238.096619
1634527487.316804
1634527673.705683
1634527973.380338
1634528156.522337
1634528453.044023
1634528491.126793
1634528901.016973
1634529190.359763
1634529208.974072
1634529346.176925
1634530042.76939
1634530505.31975
1634530553.475903
1634531008.167084
1634531525.96728
1634531712.28982
1634531824.426917
1634531999.842423
1634532156.711676
1634532429.92478
1634532511.522937
1634532711.26156
1634533135.626891
1634533174.527828
1634533685.941322
1634533734.234736
1634534191.302425
1634534292.437017
1634534352.431155
1634534431.742437
1634534463.115547
1634534601.341654
1634534637.274311
1634534655.92475
1634534737.065048
1634534939.577567
1634535230.190314
1634535392.418954
1634535402.815757
1634535457.801679
1634535947.165321
1634535974.928275
1634535992.837395
1634536074.34514
1634536094.957773
1634536116.59661
1634536201.195513
1634536290.804034
1634536483.544785
1634536654.079959
1634536762.56578
1634536936.364309
1634537895.729976
1634538234.762494
1634538235.362872
1634538344.204591
1634538384.004833
1634538446.91701
1634538897.811936
1634538918.622183
1634539144.053929
1634539303.826625
1634540258.071761
1634540355.226588
1634540553.868422
1634540627.77391
1634540724.931779
1634540836.678254
1634541013.813049
1634541111.753509
1634541197.822764
1634541212.589664
1634541326.426445
1634541337.180316
1634541341.171715
1634541479.7749
1634541625.74316
1634542215.513795
1634542431.655443
1634542488.819786
1634542640.191561
1634542872.30172
1634543622.225162
1634543778.666995
1634544310.574389
1634545393.679773
1634545440.459774
1634545782.367041
1634546261.794782
1634546403.402098
1634546453.537287
1634546564.539197
1634546694.39986
1634547006.487894
1634547015.735838
1634547407.156009
1634547744.132683
1634548067.859301
1634548433.15707
1634548724.074708
1634548812.109697
1634548845.838399
1634548976.940333
1634549312.267194
1634549840.623557
1634551314.792793
1634551435.144973
1634551599.408569
1634551653.367315
1634551665.039276
1634551746.373815
1634552218.834527
1634552275.165124
1634552298.410674
1634552304.846933
1634552498.080011
1634552620.512792
1634553515.161644
1634553957.888916
1634553972.310329
1634554213.838895
1634554559.361941
1634554610.099041
1634554615.221143
1634554662.807836
1634555323.006964
1634555694.635716
1634556071.588678
1634556821.602019
1634556964.49081
1634557195.128624
1634557201.2433
1634557375.309681
1634557944.86383
1634558118.765424
1634558309.63823
1634558457.479362
1634558570.044319
1634558963.6947
1634559138.779772
1634559441.669643
1634560044.828368
1634560622.796693
1634560740.693443
1634560788.86529
1634560913.723216
1634561104.911187
1634561209.478476
1634561362.053481
1634561403.672914
1634561627.82404
1634562476.873934
1634562486.14819
1634562818.666329
1634562820.157762
1634562846.204056
1634563250.40605
1634564476.013634
1634564625.530295
1634564657.567443
1634566437.209993
1634566839.66348
1634566892.344696
1634566970.035875
1634567207.480112
1634567604.66931
1634567769.843148
1634567999.25686
1634568193.688352
1634568454.830651
1634568574.736458
1634568606.253414
1634568786.495296
1634568855.715885
1634569182.67335
1634569253.650463
1634569420.395677
1634569589.390797
1634569640.642619
1634569850.980001
1634570151.904448
1634570157.711313
1634570576.129255
1634571026.304128
1634571161.30801
1634571312.897874
1634571442.014892
1634571479.845148
1634571551.337779
1634571934.351991
1634572225.084845
1634572281.938295
1634572798.752571
1634573086.6883
1634573256.346564
1634573268.968268
1634573780.558433
1634573910.273319
1634574324.324172
1634574527.461671
1634574943.870235
1634575216.495029
1634575304.242608
1634575421.074986
1634575502.515998
1634575606.580279
1634575948.123976
1634576113.27375
1634576193.30066
1634576343.378143
1634576551.881185
1634577347.680004
1634577555.905322
1634577660.086201
1634818179.428358
1634818180.271432
1634818202.912116
1634818202.960492
1634818202.986994
1634818202.996165
1634818203.047495
1634818203.068948
1634818203.16932
1634818203.186201
1634818203.202898
1634818203.212012
1634818203.288844
1634818203.424874
1634818203.493335
1634818203.676476
1634818203.680227
1634818203.704791
1634818203.820954
1634818203.872114
1634818203.922624
1634818204.019713
1634818204.23372
1634818204.379221
1634818204.427222
1634818204.614105
1634818204.676317
1634818204.697149
1634818204.742671
1634818204.783728
1634818204.845099
1634818204.944125
1634818205.029957
1634818205.098133
1634818205.309758
1634818205.321663
1634818205.40082
