1634861946
1634862067
1634862183
1634862300
1634862421
1634862538
1634862657
1634862774
1634862892
1634863011
1634863127
1634863246
1634863365
1634863484
1634863600
1634863720
1634863838
1634863956
1634864079
1634864198
1634864316
1634864434
1634864550
1634864668
1634864787
1634864903
1634865022
1634865140
1634865260
1634865379
1634865497
1634865617
1634865733
1634865854
1634865971
1634866090
1634866207
1634866324
1634866438
1634866556
1634866675
1634866794
1634866912
1634867030
1634867149
1634867267
1634867382
1634867499
1634867617
1634867738
1634867857
1634867975
1634868091
1634868210
1634868329
1634868446
1634868564
1634868680
1634868795
1634868910
1634869026