1634507830.102764
1634508057.75833
1634508128.907918
1634508228.38181
1634508963.100339
1634509186.966571
1634509250.147017
1634509475.516352
1634509740.481612
1634509779.980041
1634509790.4139
1634510046.24995
1634510251.847905
1634510625.510713
1634510673.208857
1634510848.863466
1634510872.994272
1634510895.039851
1634511164.990876
1634511179.13639
1634511221.785314
1634511347.366886
1634511514.675148
1634511731.78594
1634511946.84548
1634512315.11104
1634512473.181838
1634512570.593955
1634512681.169506
1634512918.69682
1634513005.36157
1634513216.39351
1634513415.952602
1634513547.146062
1634513995.957023
1634514066.938042
1634514454.794366
1634514536.785931
1634514749.967751
1634514827.844579
1634515233.074155
1634515575.743566
1634515705.093128
1634516355.249616
1634516438.644796
1634516917.31377
1634516932.529239
1634517439.689432
1634517630.744776
1634518376.382178
1634518386.513401
1634518459.606019
1634518881.821918
1634519064.140236
1634519135.014366
1634519178.961792
1634519599.343788
1634520182.329334
1634520422.718238
1634520564.386408